Change Component Designator: Old Designator=C1 New Designator=C4
Change Component Designator: Old Designator=C2 New Designator=C5
Change Component Designator: Old Designator=C3 New Designator=C6
Change Component Designator: Old Designator=C3 New Designator=C13
Change Component Designator: Old Designator=C4 New Designator=C7
Change Component Designator: Old Designator=C4 New Designator=C14
Change Component Designator: Old Designator=C5 New Designator=C8
Change Component Designator: Old Designator=C5 New Designator=C16
Change Component Designator: Old Designator=C6 New Designator=C9
Change Component Designator: Old Designator=C7 New Designator=C1
Change Component Designator: Old Designator=C8 New Designator=C10
Change Component Designator: Old Designator=C9 New Designator=C2
Change Component Designator: Old Designator=C10 New Designator=C3
Change Component Designator: Old Designator=C13 New Designator=C15
Change Component Designator: Old Designator=C14 New Designator=C17
Change Component Designator: Old Designator=C15 New Designator=C18
Change Component Designator: Old Designator=C16 New Designator=C19
Change Component Designator: Old Designator=C17 New Designator=C20
Change Component Designator: Old Designator=C18 New Designator=C21
Change Component Designator: Old Designator=C19 New Designator=C22
Change Component Designator: Old Designator=C20 New Designator=C23
Change Component Designator: Old Designator=C21 New Designator=C24
Change Component Designator: Old Designator=L1 New Designator=L2
Change Component Designator: Old Designator=L2 New Designator=L3
Change Component Designator: Old Designator=P1 New Designator=P2
Change Component Designator: Old Designator=P2 New Designator=P3
Change Component Designator: Old Designator=P3 New Designator=P4
Change Component Designator: Old Designator=P4 New Designator=P5
Change Component Designator: Old Designator=P5 New Designator=P6
Change Component Designator: Old Designator=P6 New Designator=P7
Change Component Designator: Old Designator=U1 New Designator=U2
Change Component Designator: Old Designator=U1 New Designator=U5
Change Component Designator: Old Designator=U2 New Designator=U3
Change Component Designator: Old Designator=U3 New Designator=U1
Change Component Designator: Old Designator=U5 New Designator=U6
Change Component Designator: Old Designator=u6 New Designator=u7
