Added Component: Designator=C1(J1-0603)
Added Component: Designator=C2(J1-0603)
Added Component: Designator=C3(J1-0603)
Added Component: Designator=C4(J1-0603)
Added Component: Designator=C5(J1-0603)
Added Component: Designator=C6(J1-0603)
Added Component: Designator=C7(6032)
Added Component: Designator=C8(6032)
Added Component: Designator=C9(J1-0603)
Added Component: Designator=C10(J1-0603)
Added Component: Designator=C11(J1-0603)
Added Component: Designator=C12(J1-0603)
Added Component: Designator=C13(J1-0603)
Added Component: Designator=C14(J1-0603)
Added Component: Designator=C15(J1-0603)
Added Component: Designator=C16(J1-0603)
Added Component: Designator=C17(J1-0603)
Added Component: Designator=C18(J1-0603)
Added Component: Designator=C19(J1-0603)
Added Component: Designator=C20(J1-0603)
Added Component: Designator=C21(J1-0603)
Added Component: Designator=C22(J1-0603)
Added Component: Designator=D1(J1-0603)
Added Component: Designator=D2(J1-0603)
Added Component: Designator=D3(J1-0603)
Added Component: Designator=D4(J1-0603)
Added Component: Designator=D5(1206)
Added Component: Designator=D6(1206)
Added Component: Designator=D7(1206)
Added Component: Designator=D8(1206)
Added Component: Designator=J1(DIP2-5.08)
Added Component: Designator=J2(HDR1X4)
Added Component: Designator=L1(0805-1)
Added Component: Designator=L2(0805-1)
Added Component: Designator=P1(HDR1X4)
Added Component: Designator=P2(DIP2-1.25)
Added Component: Designator=P3(DIP2-1.25)
Added Component: Designator=P4(DIP2-1.25)
Added Component: Designator=P5(DIP2-1.25)
Added Component: Designator=Q1(SOT-23B_N)
Added Component: Designator=Q2(SOT-23)
Added Component: Designator=Q3(SOT-23)
Added Component: Designator=Q4(SOT-23)
Added Component: Designator=Q5(SOT-23)
Added Component: Designator=R1(J1-0603)
Added Component: Designator=R2(J1-0603)
Added Component: Designator=R3(J1-0603)
Added Component: Designator=R4(J1-0603)
Added Component: Designator=R5(J1-0603)
Added Component: Designator=R6(J1-0603)
Added Component: Designator=R7(J1-0603)
Added Component: Designator=R8(J1-0603)
Added Component: Designator=R9(J1-0603)
Added Component: Designator=R10(J1-0603)
Added Component: Designator=R11(J1-0603)
Added Component: Designator=R12(J1-0603)
Added Component: Designator=R13(J1-0603)
Added Component: Designator=R14(J1-0603)
Added Component: Designator=R15(J1-0603)
Added Component: Designator=R16(J1-0603)
Added Component: Designator=R17(J1-0603)
Added Component: Designator=U1(SOT95P245X110-6N)
Added Component: Designator=U2(LQFP48)
Added Component: Designator=U3(SOT-23)
Added Component: Designator=U4(SOT-23)
Added Component: Designator=U5(QFN50P440X440X80-24N)
Added Component: Designator=Y1(3528)
Added Pin To Net: NetName=1_RX Pin=U2-31
Added Net: Name=1_RX
Added Pin To Net: NetName=1_TX Pin=U2-30
Added Net: Name=1_TX
Added Pin To Net: NetName=3.3V Pin=C6-2
Added Pin To Net: NetName=3.3V Pin=C10-2
Added Pin To Net: NetName=3.3V Pin=C14-2
Added Pin To Net: NetName=3.3V Pin=C15-2
Added Pin To Net: NetName=3.3V Pin=C21-2
Added Pin To Net: NetName=3.3V Pin=J2-1
Added Pin To Net: NetName=3.3V Pin=P1-1
Added Pin To Net: NetName=3.3V Pin=R3-1
Added Pin To Net: NetName=3.3V Pin=U2-1
Added Pin To Net: NetName=3.3V Pin=U2-24
Added Pin To Net: NetName=3.3V Pin=U2-36
Added Pin To Net: NetName=3.3V Pin=U2-41
Added Pin To Net: NetName=3.3V Pin=U2-48
Added Pin To Net: NetName=3.3V Pin=U3-1
Added Pin To Net: NetName=3.3V Pin=U5-8
Added Pin To Net: NetName=3.3V Pin=U5-12
Added Pin To Net: NetName=3.3V Pin=U5-13
Added Net: Name=3.3V
Added Pin To Net: NetName=3_RX Pin=P1-2
Added Pin To Net: NetName=3_RX Pin=U2-22
Added Net: Name=3_RX
Added Pin To Net: NetName=3_TX Pin=P1-3
Added Pin To Net: NetName=3_TX Pin=U2-21
Added Net: Name=3_TX
Added Pin To Net: NetName=5V Pin=C3-2
Added Pin To Net: NetName=5V Pin=C7-1
Added Pin To Net: NetName=5V Pin=C8-1
Added Pin To Net: NetName=5V Pin=C9-2
Added Pin To Net: NetName=5V Pin=C11-2
Added Pin To Net: NetName=5V Pin=U1-1
Added Pin To Net: NetName=5V Pin=U3-2
Added Pin To Net: NetName=5V Pin=U4-2
Added Net: Name=5V
Added Pin To Net: NetName=6050_SCL Pin=U2-42
Added Pin To Net: NetName=6050_SCL Pin=U5-23
Added Net: Name=6050_SCL
Added Pin To Net: NetName=6050_SDA Pin=U2-43
Added Pin To Net: NetName=6050_SDA Pin=U5-24
Added Net: Name=6050_SDA
Added Pin To Net: NetName=AD_VBT Pin=R1-1
Added Pin To Net: NetName=AD_VBT Pin=R2-2
Added Pin To Net: NetName=AD_VBT Pin=U2-17
Added Net: Name=AD_VBT
Added Pin To Net: NetName=BOOT0 Pin=R4-2
Added Pin To Net: NetName=BOOT0 Pin=U2-44
Added Net: Name=BOOT0
Added Pin To Net: NetName=BOOT1 Pin=R5-2
Added Pin To Net: NetName=BOOT1 Pin=U2-20
Added Net: Name=BOOT1
Added Pin To Net: NetName=CTRL_M1 Pin=R10-2
Added Pin To Net: NetName=CTRL_M1 Pin=U2-10
Added Net: Name=CTRL_M1
Added Pin To Net: NetName=CTRL_M2 Pin=R11-2
Added Pin To Net: NetName=CTRL_M2 Pin=U2-11
Added Net: Name=CTRL_M2
Added Pin To Net: NetName=CTRL_M3 Pin=R12-2
Added Pin To Net: NetName=CTRL_M3 Pin=U2-12
Added Net: Name=CTRL_M3
Added Pin To Net: NetName=CTRL_M4 Pin=R13-2
Added Pin To Net: NetName=CTRL_M4 Pin=U2-13
Added Net: Name=CTRL_M4
Added Pin To Net: NetName=GND Pin=C1-1
Added Pin To Net: NetName=GND Pin=C2-1
Added Pin To Net: NetName=GND Pin=C3-1
Added Pin To Net: NetName=GND Pin=C4-1
Added Pin To Net: NetName=GND Pin=C6-1
Added Pin To Net: NetName=GND Pin=C7-2
Added Pin To Net: NetName=GND Pin=C9-1
Added Pin To Net: NetName=GND Pin=C10-1
Added Pin To Net: NetName=GND Pin=C13-2
Added Pin To Net: NetName=GND Pin=C14-1
Added Pin To Net: NetName=GND Pin=C15-1
Added Pin To Net: NetName=GND Pin=C16-2
Added Pin To Net: NetName=GND Pin=C21-1
Added Pin To Net: NetName=GND Pin=C22-2
Added Pin To Net: NetName=GND Pin=J1-2
Added Pin To Net: NetName=GND Pin=J2-2
Added Pin To Net: NetName=GND Pin=L2-2
Added Pin To Net: NetName=GND Pin=P1-4
Added Pin To Net: NetName=GND Pin=Q1-3
Added Pin To Net: NetName=GND Pin=Q2-3
Added Pin To Net: NetName=GND Pin=Q3-3
Added Pin To Net: NetName=GND Pin=Q4-3
Added Pin To Net: NetName=GND Pin=Q5-3
Added Pin To Net: NetName=GND Pin=R2-1
Added Pin To Net: NetName=GND Pin=R4-1
Added Pin To Net: NetName=GND Pin=R5-1
Added Pin To Net: NetName=GND Pin=R14-1
Added Pin To Net: NetName=GND Pin=R15-1
Added Pin To Net: NetName=GND Pin=R16-1
Added Pin To Net: NetName=GND Pin=R17-1
Added Pin To Net: NetName=GND Pin=U1-2
Added Pin To Net: NetName=GND Pin=U2-8
Added Pin To Net: NetName=GND Pin=U2-23
Added Pin To Net: NetName=GND Pin=U2-35
Added Pin To Net: NetName=GND Pin=U2-47
Added Pin To Net: NetName=GND Pin=U3-3
Added Pin To Net: NetName=GND Pin=U5-1
Added Pin To Net: NetName=GND Pin=U5-9
Added Pin To Net: NetName=GND Pin=U5-11
Added Pin To Net: NetName=GND Pin=U5-18
Added Net: Name=GND
Added Pin To Net: NetName=LED Pin=Q1-2
Added Pin To Net: NetName=LED Pin=U2-19
Added Net: Name=LED
Added Pin To Net: NetName=M1 Pin=C17-1
Added Pin To Net: NetName=M1 Pin=D5-1
Added Pin To Net: NetName=M1 Pin=P2-1
Added Pin To Net: NetName=M1 Pin=Q2-2
Added Net: Name=M1
Added Pin To Net: NetName=M2 Pin=C18-1
Added Pin To Net: NetName=M2 Pin=D6-1
Added Pin To Net: NetName=M2 Pin=P3-1
Added Pin To Net: NetName=M2 Pin=Q3-2
Added Net: Name=M2
Added Pin To Net: NetName=M3 Pin=C19-1
Added Pin To Net: NetName=M3 Pin=D7-1
Added Pin To Net: NetName=M3 Pin=P4-1
Added Pin To Net: NetName=M3 Pin=Q4-2
Added Net: Name=M3
Added Pin To Net: NetName=M4 Pin=C20-1
Added Pin To Net: NetName=M4 Pin=D8-1
Added Pin To Net: NetName=M4 Pin=P5-1
Added Pin To Net: NetName=M4 Pin=Q5-2
Added Net: Name=M4
Added Pin To Net: NetName=NetC4_2 Pin=C4-2
Added Pin To Net: NetName=NetC4_2 Pin=L1-1
Added Pin To Net: NetName=NetC4_2 Pin=U1-3
Added Pin To Net: NetName=NetC4_2 Pin=U1-5
Added Net: Name=NetC4_2
Added Pin To Net: NetName=NetC5_1 Pin=C5-1
Added Pin To Net: NetName=NetC5_1 Pin=U1-4
Added Net: Name=NetC5_1
Added Pin To Net: NetName=NetC5_2 Pin=C5-2
Added Pin To Net: NetName=NetC5_2 Pin=U1-6
Added Net: Name=NetC5_2
Added Pin To Net: NetName=NetC8_2 Pin=C8-2
Added Pin To Net: NetName=NetC8_2 Pin=C11-1
Added Pin To Net: NetName=NetC8_2 Pin=C12-1
Added Pin To Net: NetName=NetC8_2 Pin=L2-1
Added Pin To Net: NetName=NetC8_2 Pin=U4-3
Added Net: Name=NetC8_2
Added Pin To Net: NetName=NetC16_1 Pin=C16-1
Added Pin To Net: NetName=NetC16_1 Pin=U5-20
Added Net: Name=NetC16_1
Added Pin To Net: NetName=NetC22_1 Pin=C22-1
Added Pin To Net: NetName=NetC22_1 Pin=U5-10
Added Net: Name=NetC22_1
Added Pin To Net: NetName=NetD1_1 Pin=D1-1
Added Pin To Net: NetName=NetD1_1 Pin=R6-1
Added Net: Name=NetD1_1
Added Pin To Net: NetName=NetD1_2 Pin=D1-2
Added Pin To Net: NetName=NetD1_2 Pin=D2-2
Added Pin To Net: NetName=NetD1_2 Pin=D3-2
Added Pin To Net: NetName=NetD1_2 Pin=D4-2
Added Pin To Net: NetName=NetD1_2 Pin=Q1-1
Added Net: Name=NetD1_2
Added Pin To Net: NetName=NetD2_1 Pin=D2-1
Added Pin To Net: NetName=NetD2_1 Pin=R7-1
Added Net: Name=NetD2_1
Added Pin To Net: NetName=NetD3_1 Pin=D3-1
Added Pin To Net: NetName=NetD3_1 Pin=R8-1
Added Net: Name=NetD3_1
Added Pin To Net: NetName=NetD4_1 Pin=D4-1
Added Pin To Net: NetName=NetD4_1 Pin=R9-1
Added Net: Name=NetD4_1
Added Pin To Net: NetName=NetQ2_1 Pin=Q2-1
Added Pin To Net: NetName=NetQ2_1 Pin=R10-1
Added Pin To Net: NetName=NetQ2_1 Pin=R14-2
Added Net: Name=NetQ2_1
Added Pin To Net: NetName=NetQ3_1 Pin=Q3-1
Added Pin To Net: NetName=NetQ3_1 Pin=R11-1
Added Pin To Net: NetName=NetQ3_1 Pin=R15-2
Added Net: Name=NetQ3_1
Added Pin To Net: NetName=NetQ4_1 Pin=Q4-1
Added Pin To Net: NetName=NetQ4_1 Pin=R12-1
Added Pin To Net: NetName=NetQ4_1 Pin=R16-2
Added Net: Name=NetQ4_1
Added Pin To Net: NetName=NetQ5_1 Pin=Q5-1
Added Pin To Net: NetName=NetQ5_1 Pin=R13-1
Added Pin To Net: NetName=NetQ5_1 Pin=R17-2
Added Net: Name=NetQ5_1
Added Pin To Net: NetName=OSC_IN Pin=C1-2
Added Pin To Net: NetName=OSC_IN Pin=U2-3
Added Pin To Net: NetName=OSC_IN Pin=Y1-2
Added Net: Name=OSC_IN
Added Pin To Net: NetName=OSC_OUT Pin=C2-2
Added Pin To Net: NetName=OSC_OUT Pin=U2-4
Added Pin To Net: NetName=OSC_OUT Pin=Y1-1
Added Net: Name=OSC_OUT
Added Pin To Net: NetName=RSET Pin=C13-1
Added Pin To Net: NetName=RSET Pin=R3-2
Added Pin To Net: NetName=RSET Pin=U2-7
Added Net: Name=RSET
Added Pin To Net: NetName=SWCLK Pin=J2-4
Added Pin To Net: NetName=SWCLK Pin=U2-37
Added Net: Name=SWCLK
Added Pin To Net: NetName=SWDIO Pin=J2-3
Added Pin To Net: NetName=SWDIO Pin=U2-34
Added Net: Name=SWDIO
Added Pin To Net: NetName=VBT Pin=C17-2
Added Pin To Net: NetName=VBT Pin=C18-2
Added Pin To Net: NetName=VBT Pin=C19-2
Added Pin To Net: NetName=VBT Pin=C20-2
Added Pin To Net: NetName=VBT Pin=D5-2
Added Pin To Net: NetName=VBT Pin=D6-2
Added Pin To Net: NetName=VBT Pin=D7-2
Added Pin To Net: NetName=VBT Pin=D8-2
Added Pin To Net: NetName=VBT Pin=J1-1
Added Pin To Net: NetName=VBT Pin=L1-2
Added Pin To Net: NetName=VBT Pin=P2-2
Added Pin To Net: NetName=VBT Pin=P3-2
Added Pin To Net: NetName=VBT Pin=P4-2
Added Pin To Net: NetName=VBT Pin=P5-2
Added Pin To Net: NetName=VBT Pin=R1-2
Added Pin To Net: NetName=VBT Pin=R6-2
Added Pin To Net: NetName=VBT Pin=R7-2
Added Pin To Net: NetName=VBT Pin=R8-2
Added Pin To Net: NetName=VBT Pin=R9-2
Added Net: Name=VBT
Added Pin To Net: NetName=VSCN Pin=C12-2
Added Pin To Net: NetName=VSCN Pin=U2-9
Added Pin To Net: NetName=VSCN Pin=U4-1
Added Net: Name=VSCN
Added Class: Name=Àƒ÷·1004
